
Started Import Process
# System Details: 
Debug Mode 		: Désactivé
Operating System 	: WINNT
Software 		: Apache/2.4.51 (Win64) OpenSSL/1.1.1l PHP/8.0.12
MySQL version 		: 5.5.5
XML Reader 		: Oui
PHP Version 		: 8.0.12
PHP Max Input Vars 	: 1000
PHP Max Post Size 	: 40M
PHP Extension GD 	: Non
PHP Max Execution Time 	: 120
Max Upload Size 	: 40 Mo
Memory Limit 		: Limite de mémoire actuelle 40M. Nous recommandons de régler la mémoire à au moins 64M.
Timezone 		: Europe/Paris

-----

Importing Started! - 18:34:11 UTC
---

WHY IMPORT PROCESS CAN FAIL? READ THIS - 
https://wpastra.com/docs/?p=1314&utm_source=demo-import-panel&utm_campaign=import-error&utm_medium=wp-dashboard

---

Started Import Process
# System Details: 
Debug Mode 		: Désactivé
Operating System 	: WINNT
Software 		: Apache/2.4.51 (Win64) OpenSSL/1.1.1l PHP/8.0.12
MySQL version 		: 5.5.5
XML Reader 		: Oui
PHP Version 		: 8.0.12
PHP Max Input Vars 	: 1000
PHP Max Post Size 	: 40M
PHP Extension GD 	: Non
PHP Max Execution Time 	: 120
Max Upload Size 	: 40 Mo
Memory Limit 		: Limite de mémoire actuelle 40M. Nous recommandons de régler la mémoire à au moins 64M.
Timezone 		: Europe/Paris

-----

Importing Started! - 18:41:29 UTC
---

WHY IMPORT PROCESS CAN FAIL? READ THIS - 
https://wpastra.com/docs/?p=1314&utm_source=demo-import-panel&utm_campaign=import-error&utm_medium=wp-dashboard

---

Started Import Process
# System Details: 
Debug Mode 		: Désactivé
Operating System 	: WINNT
Software 		: Apache/2.4.51 (Win64) OpenSSL/1.1.1l PHP/8.0.12
MySQL version 		: 5.5.5
XML Reader 		: Oui
PHP Version 		: 8.0.12
PHP Max Input Vars 	: 1000
PHP Max Post Size 	: 40M
PHP Extension GD 	: Non
PHP Max Execution Time 	: 120
Max Upload Size 	: 40 Mo
Memory Limit 		: Limite de mémoire actuelle 40M. Nous recommandons de régler la mémoire à au moins 64M.
Timezone 		: Europe/Paris

-----

Importing Started! - 18:42:13 UTC
---

WHY IMPORT PROCESS CAN FAIL? READ THIS - 
https://wpastra.com/docs/?p=1314&utm_source=demo-import-panel&utm_campaign=import-error&utm_medium=wp-dashboard

---
